<?xml version="1.0" encoding="UTF-8"?>
<testng-results ignored="0" total="1" passed="1" failed="0" skipped="0">
  <reporter-output>
  </reporter-output>
  <suite started-at="2022-07-13T12:59:15 IST" name="Default suite" finished-at="2022-07-13T12:59:15 IST" duration-ms="54">
    <groups>
    </groups>
    <test started-at="2022-07-13T12:59:15 IST" name="Default test" finished-at="2022-07-13T12:59:15 IST" duration-ms="54">
      <class name="Scripts.ForeignPlayers">
        <test-method signature="TC()[pri:0, instance:Scripts.ForeignPlayers@73ee04c8]" started-at="2022-07-13T12:59:15 IST" name="TC" finished-at="2022-07-13T12:59:15 IST" duration-ms="15" status="PASS">
          <reporter-output>
          </reporter-output>
        </test-method> <!-- TC -->
      </class> <!-- Scripts.ForeignPlayers -->
    </test> <!-- Default test -->
  </suite> <!-- Default suite -->
</testng-results>
